In file included from [01m[K/home/robot/turtlesim/src/ros_tutorials/turtlesim/src/turtle.cpp:30:0[m[K:
[01m[K/home/robot/turtlesim/src/ros_tutorials/turtlesim/include/turtlesim/turtle.h:84:33:[m[K [01;35m[Kwarning: [m[Knon-static data member initializers only available with -std=c++11 or -std=gnu++11
   QString temp = QObject::tr("X");
[01;32m[K                                 ^[m[K
[01m[K/home/robot/turtlesim/src/ros_tutorials/turtlesim/include/turtlesim/turtle.h:90:12:[m[K [01;35m[Kwarning: [m[Knon-static data member initializers only available with -std=c++11 or -std=gnu++11
   double a=4;
[01;32m[K            ^[m[K
[01m[K/home/robot/turtlesim/src/ros_tutorials/turtlesim/include/turtlesim/turtle.h:91:12:[m[K [01;35m[Kwarning: [m[Knon-static data member initializers only available with -std=c++11 or -std=gnu++11
   double b=4;
[01;32m[K            ^[m[K
[01m[K/home/robot/turtlesim/src/ros_tutorials/turtlesim/include/turtlesim/turtle.h:92:12:[m[K [01;35m[Kwarning: [m[Knon-static data member initializers only available with -std=c++11 or -std=gnu++11
   double c=1.55;
[01;32m[K            ^[m[K
[01m[K/home/robot/turtlesim/src/ros_tutorials/turtlesim/include/turtlesim/turtle.h:95:23:[m[K [01;35m[Kwarning: [m[Knon-static data member initializers only available with -std=c++11 or -std=gnu++11
   double orientazione=0;
[01;32m[K                       ^[m[K
[01m[K/home/robot/turtlesim/src/ros_tutorials/turtlesim/include/turtlesim/turtle.h:96:15:[m[K [01;35m[Kwarning: [m[Knon-static data member initializers only available with -std=c++11 or -std=gnu++11
   int a_vecio=0;
[01;32m[K               ^[m[K
[01m[K/home/robot/turtlesim/src/ros_tutorials/turtlesim/include/turtlesim/turtle.h:97:15:[m[K [01;35m[Kwarning: [m[Knon-static data member initializers only available with -std=c++11 or -std=gnu++11
   int b_vecio=0;
[01;32m[K               ^[m[K
[01m[K/home/robot/turtlesim/src/ros_tutorials/turtlesim/src/turtle.cpp:[m[K In member function ‘[01m[Kvoid turtlesim::Turtle::orientationCallback(const ConstPtr&)[m[K’:
[01m[K/home/robot/turtlesim/src/ros_tutorials/turtlesim/src/turtle.cpp:80:22:[m[K [01;31m[Kerror: [m[Kexpected unqualified-id before ‘[01m[K-[m[K’ token
 orientazione=point2->-z;
[01;32m[K                      ^[m[K
[01m[K/home/robot/turtlesim/src/ros_tutorials/turtlesim/src/turtle.cpp:80:23:[m[K [01;31m[Kerror: [m[K‘[01m[Kz[m[K’ was not declared in this scope
 orientazione=point2->-z;
[01;32m[K                       ^[m[K
make[2]: *** [CMakeFiles/turtlesim_node.dir/src/turtle.cpp.o] Error 1
make[1]: *** [CMakeFiles/turtlesim_node.dir/all] Error 2
make: *** [all] Error 2
