[  0%] Built target geometry_msgs_generate_messages_cpp
[  0%] Built target std_msgs_generate_messages_cpp
[  0%] Built target _turtlesim_generate_messages_check_deps_Kill
[  0%] Built target _turtlesim_generate_messages_check_deps_Pose
[  0%] Built target _turtlesim_generate_messages_check_deps_TeleportRelative
[  0%] Built target _turtlesim_generate_messages_check_deps_TeleportAbsolute
[  0%] Built target _turtlesim_generate_messages_check_deps_Spawn
[  0%] Built target std_srvs_generate_messages_cpp
[  0%] Built target _turtlesim_generate_messages_check_deps_SetPen
[  0%] Built target std_srvs_generate_messages_lisp
[  0%] Built target std_msgs_generate_messages_lisp
[  0%] Built target geometry_msgs_generate_messages_lisp
[  0%] Built target _turtlesim_generate_messages_check_deps_Color
[  0%] Built target std_msgs_generate_messages_py
[  0%] Built target geometry_msgs_generate_messages_py
[  0%] Built target std_srvs_generate_messages_py
[  0%] Built target std_msgs_generate_messages_nodejs
[  0%] Built target geometry_msgs_generate_messages_nodejs
[  0%] Built target std_srvs_generate_messages_eus
[ 18%] Built target turtlesim_generate_messages_py
[ 18%] Built target std_srvs_generate_messages_nodejs
[ 18%] Built target std_msgs_generate_messages_eus
[ 32%] Built target turtlesim_generate_messages_cpp
[ 32%] Built target geometry_msgs_generate_messages_eus
[ 46%] Built target turtlesim_generate_messages_lisp
[ 60%] Built target turtlesim_generate_messages_nodejs
[ 62%] Built target turtlesim_gencpp
[ 76%] Built target turtlesim_generate_messages_eus
[35m[1mScanning dependencies of target turtlesim_node[0m
[ 76%] Built target turtlesim_generate_messages
[ 80%] Built target draw_square
[ 84%] Built target turtle_teleop_key
[ 88%] Built target mimic
[ 90%] [32mBuilding CXX object CMakeFiles/turtlesim_node.dir/src/turtle.cpp.o[0m
/home/alfredo/turtlesim/src/ros_tutorials/turtlesim/src/turtle.cpp: In member function ‘void turtlesim::Turtle::paint(QPainter&)’:
/home/alfredo/turtlesim/src/ros_tutorials/turtlesim/src/turtle.cpp:265:9: error: redeclaration of ‘QRect rectangle2’
   QRect rectangle2 = QRect(1300, 1610, 400, 400);
         ^~~~~~~~~~
/home/alfredo/turtlesim/src/ros_tutorials/turtlesim/src/turtle.cpp:251:9: note: ‘QRect rectangle2’ previously declared here
   QRect rectangle2 = QRect(100, 1610, 400, 400);
         ^~~~~~~~~~
/home/alfredo/turtlesim/src/ros_tutorials/turtlesim/src/turtle.cpp:267:20: error: ‘rectangle3’ was not declared in this scope
   painter.drawText(rectangle3 ,as33);
                    ^~~~~~~~~~
/home/alfredo/turtlesim/src/ros_tutorials/turtlesim/src/turtle.cpp:267:20: note: suggested alternative: ‘rectangle2’
   painter.drawText(rectangle3 ,as33);
                    ^~~~~~~~~~
                    rectangle2
CMakeFiles/turtlesim_node.dir/build.make:90: recipe for target 'CMakeFiles/turtlesim_node.dir/src/turtle.cpp.o' failed
make[2]: *** [CMakeFiles/turtlesim_node.dir/src/turtle.cpp.o] Error 1
CMakeFiles/Makefile2:104: recipe for target 'CMakeFiles/turtlesim_node.dir/all' failed
make[1]: *** [CMakeFiles/turtlesim_node.dir/all] Error 2
Makefile:140: recipe for target 'all' failed
make: *** [all] Error 2
