In file included from /opt/ros/melodic/include/ros/ros.h:40:0,
                 from /home/alfredo/turtlesim/src/ros_tutorials/turtlesim/include/turtlesim/turtle.h:35,
                 from /home/alfredo/turtlesim/src/ros_tutorials/turtlesim/src/turtle.cpp:30:
/home/alfredo/turtlesim/src/ros_tutorials/turtlesim/src/turtle.cpp: In member function ‘void turtlesim::Turtle::paint(QPainter&)’:
/opt/ros/melodic/include/ros/console.h:348:176: warning: format ‘%f’ expects argument of type ‘double’, but argument 8 has type ‘int’ [-Wformat=]
     ::ros::console::print(filter, __rosconsole_define_location__loc.logger_, __rosconsole_define_location__loc.level_, __FILE__, __LINE__, __ROSCONSOLE_FUNCTION__, __VA_ARGS__)
                                                                                                                                                                                ^
/opt/ros/melodic/include/ros/console.h:351:5: note: in expansion of macro ‘ROSCONSOLE_PRINT_AT_LOCATION_WITH_FILTER’
     ROSCONSOLE_PRINT_AT_LOCATION_WITH_FILTER(NULL, __VA_ARGS__)
     ^~~~~~~~~~~~~~~~~~~~~~~~~~~~~~~~~~~~~~~~
/opt/ros/melodic/include/ros/console.h:387:7: note: in expansion of macro ‘ROSCONSOLE_PRINT_AT_LOCATION’
       ROSCONSOLE_PRINT_AT_LOCATION(__VA_ARGS__); \
       ^~~~~~~~~~~~~~~~~~~~~~~~~~~~
/opt/ros/melodic/include/ros/console.h:572:35: note: in expansion of macro ‘ROS_LOG_COND’
 #define ROS_LOG(level, name, ...) ROS_LOG_COND(true, level, name, __VA_ARGS__)
                                   ^~~~~~~~~~~~
/opt/ros/melodic/include/rosconsole/macros_generated.h:110:23: note: in expansion of macro ‘ROS_LOG’
 #define ROS_INFO(...) ROS_LOG(::ros::console::levels::Info, ROSCONSOLE_DEFAULT_NAME, __VA_ARGS__)
                       ^~~~~~~
/home/alfredo/turtlesim/src/ros_tutorials/turtlesim/src/turtle.cpp:248:3: note: in expansion of macro ‘ROS_INFO’
   ROS_INFO("DRAWLINE  at x=[%f], y=[%f]", int(wayx), int(wayy));
   ^
/opt/ros/melodic/include/ros/console.h:348:176: warning: format ‘%f’ expects argument of type ‘double’, but argument 9 has type ‘int’ [-Wformat=]
     ::ros::console::print(filter, __rosconsole_define_location__loc.logger_, __rosconsole_define_location__loc.level_, __FILE__, __LINE__, __ROSCONSOLE_FUNCTION__, __VA_ARGS__)
                                                                                                                                                                                ^
/opt/ros/melodic/include/ros/console.h:351:5: note: in expansion of macro ‘ROSCONSOLE_PRINT_AT_LOCATION_WITH_FILTER’
     ROSCONSOLE_PRINT_AT_LOCATION_WITH_FILTER(NULL, __VA_ARGS__)
     ^~~~~~~~~~~~~~~~~~~~~~~~~~~~~~~~~~~~~~~~
/opt/ros/melodic/include/ros/console.h:387:7: note: in expansion of macro ‘ROSCONSOLE_PRINT_AT_LOCATION’
       ROSCONSOLE_PRINT_AT_LOCATION(__VA_ARGS__); \
       ^~~~~~~~~~~~~~~~~~~~~~~~~~~~
/opt/ros/melodic/include/ros/console.h:572:35: note: in expansion of macro ‘ROS_LOG_COND’
 #define ROS_LOG(level, name, ...) ROS_LOG_COND(true, level, name, __VA_ARGS__)
                                   ^~~~~~~~~~~~
/opt/ros/melodic/include/rosconsole/macros_generated.h:110:23: note: in expansion of macro ‘ROS_LOG’
 #define ROS_INFO(...) ROS_LOG(::ros::console::levels::Info, ROSCONSOLE_DEFAULT_NAME, __VA_ARGS__)
                       ^~~~~~~
/home/alfredo/turtlesim/src/ros_tutorials/turtlesim/src/turtle.cpp:248:3: note: in expansion of macro ‘ROS_INFO’
   ROS_INFO("DRAWLINE  at x=[%f], y=[%f]", int(wayx), int(wayy));
   ^
/home/alfredo/turtlesim/src/ros_tutorials/turtlesim/src/turtle.cpp:252:6: error: no match for ‘operator=’ (operand types are ‘std::stringstream {aka std::__cxx11::basic_stringstream<char>}’ and ‘const char [17]’)
   s1="Current Waypoint";
      ^~~~~~~~~~~~~~~~~~
In file included from /usr/include/c++/7/complex:45:0,
                 from /usr/include/boost/config/no_tr1/complex.hpp:21,
                 from /usr/include/boost/math/policies/error_handling.hpp:17,
                 from /usr/include/boost/math/special_functions/round.hpp:14,
                 from /opt/ros/melodic/include/ros/time.h:58,
                 from /opt/ros/melodic/include/ros/ros.h:38,
                 from /home/alfredo/turtlesim/src/ros_tutorials/turtlesim/include/turtlesim/turtle.h:35,
                 from /home/alfredo/turtlesim/src/ros_tutorials/turtlesim/src/turtle.cpp:30:
/usr/include/c++/7/sstream:747:7: note: candidate: std::__cxx11::basic_stringstream<_CharT, _Traits, _Alloc>& std::__cxx11::basic_stringstream<_CharT, _Traits, _Alloc>::operator=(std::__cxx11::basic_stringstream<_CharT, _Traits, _Alloc>&&) [with _CharT = char; _Traits = std::char_traits<char>; _Alloc = std::allocator<char>]
       operator=(basic_stringstream&& __rhs)
       ^~~~~~~~
/usr/include/c++/7/sstream:747:7: note:   no known conversion for argument 1 from ‘const char [17]’ to ‘std::__cxx11::basic_stringstream<char>&&’
/home/alfredo/turtlesim/src/ros_tutorials/turtlesim/src/turtle.cpp:253:6: error: no match for ‘operator=’ (operand types are ‘std::stringstream {aka std::__cxx11::basic_stringstream<char>}’ and ‘const char [5]’)
   s2="Ciao"
      ^~~~~~
In file included from /usr/include/c++/7/complex:45:0,
                 from /usr/include/boost/config/no_tr1/complex.hpp:21,
                 from /usr/include/boost/math/policies/error_handling.hpp:17,
                 from /usr/include/boost/math/special_functions/round.hpp:14,
                 from /opt/ros/melodic/include/ros/time.h:58,
                 from /opt/ros/melodic/include/ros/ros.h:38,
                 from /home/alfredo/turtlesim/src/ros_tutorials/turtlesim/include/turtlesim/turtle.h:35,
                 from /home/alfredo/turtlesim/src/ros_tutorials/turtlesim/src/turtle.cpp:30:
/usr/include/c++/7/sstream:747:7: note: candidate: std::__cxx11::basic_stringstream<_CharT, _Traits, _Alloc>& std::__cxx11::basic_stringstream<_CharT, _Traits, _Alloc>::operator=(std::__cxx11::basic_stringstream<_CharT, _Traits, _Alloc>&&) [with _CharT = char; _Traits = std::char_traits<char>; _Alloc = std::allocator<char>]
       operator=(basic_stringstream&& __rhs)
       ^~~~~~~~
/usr/include/c++/7/sstream:747:7: note:   no known conversion for argument 1 from ‘const char [5]’ to ‘std::__cxx11::basic_stringstream<char>&&’
make[2]: *** [CMakeFiles/turtlesim_node.dir/src/turtle.cpp.o] Error 1
make[2]: *** Waiting for unfinished jobs....
make[1]: *** [CMakeFiles/turtlesim_node.dir/all] Error 2
make: *** [all] Error 2
