Linked: (/home/robot/turtlesim/devel/.private/turtlesim/share/roseus/ros/turtlesim/manifest.l, /home/robot/turtlesim/devel/share/roseus/ros/turtlesim/manifest.l)
Linked: (/home/robot/turtlesim/devel/.private/turtlesim/share/roseus/ros/turtlesim/srv/SetPen.l, /home/robot/turtlesim/devel/share/roseus/ros/turtlesim/srv/SetPen.l)
Linked: (/home/robot/turtlesim/devel/.private/turtlesim/share/roseus/ros/turtlesim/srv/Spawn.l, /home/robot/turtlesim/devel/share/roseus/ros/turtlesim/srv/Spawn.l)
Linked: (/home/robot/turtlesim/devel/.private/turtlesim/share/roseus/ros/turtlesim/srv/TeleportRelative.l, /home/robot/turtlesim/devel/share/roseus/ros/turtlesim/srv/TeleportRelative.l)
Linked: (/home/robot/turtlesim/devel/.private/turtlesim/share/roseus/ros/turtlesim/srv/Kill.l, /home/robot/turtlesim/devel/share/roseus/ros/turtlesim/srv/Kill.l)
Linked: (/home/robot/turtlesim/devel/.private/turtlesim/share/roseus/ros/turtlesim/srv/TeleportAbsolute.l, /home/robot/turtlesim/devel/share/roseus/ros/turtlesim/srv/TeleportAbsolute.l)
Linked: (/home/robot/turtlesim/devel/.private/turtlesim/share/roseus/ros/turtlesim/msg/Color.l, /home/robot/turtlesim/devel/share/roseus/ros/turtlesim/msg/Color.l)
Linked: (/home/robot/turtlesim/devel/.private/turtlesim/share/roseus/ros/turtlesim/msg/Pose.l, /home/robot/turtlesim/devel/share/roseus/ros/turtlesim/msg/Pose.l)
Linked: (/home/robot/turtlesim/devel/.private/turtlesim/share/turtlesim/cmake/turtlesimConfig.cmake, /home/robot/turtlesim/devel/share/turtlesim/cmake/turtlesimConfig.cmake)
Linked: (/home/robot/turtlesim/devel/.private/turtlesim/share/turtlesim/cmake/turtlesim-msg-extras.cmake, /home/robot/turtlesim/devel/share/turtlesim/cmake/turtlesim-msg-extras.cmake)
Linked: (/home/robot/turtlesim/devel/.private/turtlesim/share/turtlesim/cmake/turtlesim-msg-paths.cmake, /home/robot/turtlesim/devel/share/turtlesim/cmake/turtlesim-msg-paths.cmake)
Linked: (/home/robot/turtlesim/devel/.private/turtlesim/share/turtlesim/cmake/turtlesimConfig-version.cmake, /home/robot/turtlesim/devel/share/turtlesim/cmake/turtlesimConfig-version.cmake)
Linked: (/home/robot/turtlesim/devel/.private/turtlesim/share/gennodejs/ros/turtlesim/_index.js, /home/robot/turtlesim/devel/share/gennodejs/ros/turtlesim/_index.js)
Linked: (/home/robot/turtlesim/devel/.private/turtlesim/share/gennodejs/ros/turtlesim/srv/_index.js, /home/robot/turtlesim/devel/share/gennodejs/ros/turtlesim/srv/_index.js)
Linked: (/home/robot/turtlesim/devel/.private/turtlesim/share/gennodejs/ros/turtlesim/srv/TeleportAbsolute.js, /home/robot/turtlesim/devel/share/gennodejs/ros/turtlesim/srv/TeleportAbsolute.js)
Linked: (/home/robot/turtlesim/devel/.private/turtlesim/share/gennodejs/ros/turtlesim/srv/TeleportRelative.js, /home/robot/turtlesim/devel/share/gennodejs/ros/turtlesim/srv/TeleportRelative.js)
Linked: (/home/robot/turtlesim/devel/.private/turtlesim/share/gennodejs/ros/turtlesim/srv/Kill.js, /home/robot/turtlesim/devel/share/gennodejs/ros/turtlesim/srv/Kill.js)
Linked: (/home/robot/turtlesim/devel/.private/turtlesim/share/gennodejs/ros/turtlesim/srv/Spawn.js, /home/robot/turtlesim/devel/share/gennodejs/ros/turtlesim/srv/Spawn.js)
Linked: (/home/robot/turtlesim/devel/.private/turtlesim/share/gennodejs/ros/turtlesim/srv/SetPen.js, /home/robot/turtlesim/devel/share/gennodejs/ros/turtlesim/srv/SetPen.js)
Linked: (/home/robot/turtlesim/devel/.private/turtlesim/share/gennodejs/ros/turtlesim/msg/_index.js, /home/robot/turtlesim/devel/share/gennodejs/ros/turtlesim/msg/_index.js)
Linked: (/home/robot/turtlesim/devel/.private/turtlesim/share/gennodejs/ros/turtlesim/msg/Color.js, /home/robot/turtlesim/devel/share/gennodejs/ros/turtlesim/msg/Color.js)
Linked: (/home/robot/turtlesim/devel/.private/turtlesim/share/gennodejs/ros/turtlesim/msg/Pose.js, /home/robot/turtlesim/devel/share/gennodejs/ros/turtlesim/msg/Pose.js)
Linked: (/home/robot/turtlesim/devel/.private/turtlesim/share/common-lisp/ros/turtlesim/srv/Spawn.lisp, /home/robot/turtlesim/devel/share/common-lisp/ros/turtlesim/srv/Spawn.lisp)
Linked: (/home/robot/turtlesim/devel/.private/turtlesim/share/common-lisp/ros/turtlesim/srv/_package_SetPen.lisp, /home/robot/turtlesim/devel/share/common-lisp/ros/turtlesim/srv/_package_SetPen.lisp)
Linked: (/home/robot/turtlesim/devel/.private/turtlesim/share/common-lisp/ros/turtlesim/srv/_package.lisp, /home/robot/turtlesim/devel/share/common-lisp/ros/turtlesim/srv/_package.lisp)
Linked: (/home/robot/turtlesim/devel/.private/turtlesim/share/common-lisp/ros/turtlesim/srv/TeleportRelative.lisp, /home/robot/turtlesim/devel/share/common-lisp/ros/turtlesim/srv/TeleportRelative.lisp)
Linked: (/home/robot/turtlesim/devel/.private/turtlesim/share/common-lisp/ros/turtlesim/srv/turtlesim-srv.asd, /home/robot/turtlesim/devel/share/common-lisp/ros/turtlesim/srv/turtlesim-srv.asd)
Linked: (/home/robot/turtlesim/devel/.private/turtlesim/share/common-lisp/ros/turtlesim/srv/_package_TeleportRelative.lisp, /home/robot/turtlesim/devel/share/common-lisp/ros/turtlesim/srv/_package_TeleportRelative.lisp)
Linked: (/home/robot/turtlesim/devel/.private/turtlesim/share/common-lisp/ros/turtlesim/srv/_package_Kill.lisp, /home/robot/turtlesim/devel/share/common-lisp/ros/turtlesim/srv/_package_Kill.lisp)
Linked: (/home/robot/turtlesim/devel/.private/turtlesim/share/common-lisp/ros/turtlesim/srv/_package_TeleportAbsolute.lisp, /home/robot/turtlesim/devel/share/common-lisp/ros/turtlesim/srv/_package_TeleportAbsolute.lisp)
Linked: (/home/robot/turtlesim/devel/.private/turtlesim/share/common-lisp/ros/turtlesim/srv/_package_Spawn.lisp, /home/robot/turtlesim/devel/share/common-lisp/ros/turtlesim/srv/_package_Spawn.lisp)
Linked: (/home/robot/turtlesim/devel/.private/turtlesim/share/common-lisp/ros/turtlesim/srv/SetPen.lisp, /home/robot/turtlesim/devel/share/common-lisp/ros/turtlesim/srv/SetPen.lisp)
Linked: (/home/robot/turtlesim/devel/.private/turtlesim/share/common-lisp/ros/turtlesim/srv/Kill.lisp, /home/robot/turtlesim/devel/share/common-lisp/ros/turtlesim/srv/Kill.lisp)
Linked: (/home/robot/turtlesim/devel/.private/turtlesim/share/common-lisp/ros/turtlesim/srv/TeleportAbsolute.lisp, /home/robot/turtlesim/devel/share/common-lisp/ros/turtlesim/srv/TeleportAbsolute.lisp)
Linked: (/home/robot/turtlesim/devel/.private/turtlesim/share/common-lisp/ros/turtlesim/msg/_package_Pose.lisp, /home/robot/turtlesim/devel/share/common-lisp/ros/turtlesim/msg/_package_Pose.lisp)
Linked: (/home/robot/turtlesim/devel/.private/turtlesim/share/common-lisp/ros/turtlesim/msg/turtlesim-msg.asd, /home/robot/turtlesim/devel/share/common-lisp/ros/turtlesim/msg/turtlesim-msg.asd)
Linked: (/home/robot/turtlesim/devel/.private/turtlesim/share/common-lisp/ros/turtlesim/msg/_package_Color.lisp, /home/robot/turtlesim/devel/share/common-lisp/ros/turtlesim/msg/_package_Color.lisp)
Linked: (/home/robot/turtlesim/devel/.private/turtlesim/share/common-lisp/ros/turtlesim/msg/_package.lisp, /home/robot/turtlesim/devel/share/common-lisp/ros/turtlesim/msg/_package.lisp)
Linked: (/home/robot/turtlesim/devel/.private/turtlesim/share/common-lisp/ros/turtlesim/msg/Pose.lisp, /home/robot/turtlesim/devel/share/common-lisp/ros/turtlesim/msg/Pose.lisp)
Linked: (/home/robot/turtlesim/devel/.private/turtlesim/share/common-lisp/ros/turtlesim/msg/Color.lisp, /home/robot/turtlesim/devel/share/common-lisp/ros/turtlesim/msg/Color.lisp)
Linked: (/home/robot/turtlesim/devel/.private/turtlesim/include/turtlesim/SpawnRequest.h, /home/robot/turtlesim/devel/include/turtlesim/SpawnRequest.h)
Linked: (/home/robot/turtlesim/devel/.private/turtlesim/include/turtlesim/KillResponse.h, /home/robot/turtlesim/devel/include/turtlesim/KillResponse.h)
Linked: (/home/robot/turtlesim/devel/.private/turtlesim/include/turtlesim/TeleportRelative.h, /home/robot/turtlesim/devel/include/turtlesim/TeleportRelative.h)
Linked: (/home/robot/turtlesim/devel/.private/turtlesim/include/turtlesim/TeleportAbsoluteResponse.h, /home/robot/turtlesim/devel/include/turtlesim/TeleportAbsoluteResponse.h)
Linked: (/home/robot/turtlesim/devel/.private/turtlesim/include/turtlesim/Kill.h, /home/robot/turtlesim/devel/include/turtlesim/Kill.h)
Linked: (/home/robot/turtlesim/devel/.private/turtlesim/include/turtlesim/TeleportRelativeResponse.h, /home/robot/turtlesim/devel/include/turtlesim/TeleportRelativeResponse.h)
Linked: (/home/robot/turtlesim/devel/.private/turtlesim/include/turtlesim/SetPenRequest.h, /home/robot/turtlesim/devel/include/turtlesim/SetPenRequest.h)
Linked: (/home/robot/turtlesim/devel/.private/turtlesim/include/turtlesim/Pose.h, /home/robot/turtlesim/devel/include/turtlesim/Pose.h)
Linked: (/home/robot/turtlesim/devel/.private/turtlesim/include/turtlesim/SpawnResponse.h, /home/robot/turtlesim/devel/include/turtlesim/SpawnResponse.h)
Linked: (/home/robot/turtlesim/devel/.private/turtlesim/include/turtlesim/SetPenResponse.h, /home/robot/turtlesim/devel/include/turtlesim/SetPenResponse.h)
Linked: (/home/robot/turtlesim/devel/.private/turtlesim/include/turtlesim/SetPen.h, /home/robot/turtlesim/devel/include/turtlesim/SetPen.h)
Linked: (/home/robot/turtlesim/devel/.private/turtlesim/include/turtlesim/TeleportRelativeRequest.h, /home/robot/turtlesim/devel/include/turtlesim/TeleportRelativeRequest.h)
Linked: (/home/robot/turtlesim/devel/.private/turtlesim/include/turtlesim/Color.h, /home/robot/turtlesim/devel/include/turtlesim/Color.h)
Linked: (/home/robot/turtlesim/devel/.private/turtlesim/include/turtlesim/KillRequest.h, /home/robot/turtlesim/devel/include/turtlesim/KillRequest.h)
Linked: (/home/robot/turtlesim/devel/.private/turtlesim/include/turtlesim/TeleportAbsolute.h, /home/robot/turtlesim/devel/include/turtlesim/TeleportAbsolute.h)
Linked: (/home/robot/turtlesim/devel/.private/turtlesim/include/turtlesim/Spawn.h, /home/robot/turtlesim/devel/include/turtlesim/Spawn.h)
Linked: (/home/robot/turtlesim/devel/.private/turtlesim/include/turtlesim/TeleportAbsoluteRequest.h, /home/robot/turtlesim/devel/include/turtlesim/TeleportAbsoluteRequest.h)
Linked: (/home/robot/turtlesim/devel/.private/turtlesim/lib/pkgconfig/turtlesim.pc, /home/robot/turtlesim/devel/lib/pkgconfig/turtlesim.pc)
Linked: (/home/robot/turtlesim/devel/.private/turtlesim/lib/turtlesim/turtlesim_node, /home/robot/turtlesim/devel/lib/turtlesim/turtlesim_node)
Linked: (/home/robot/turtlesim/devel/.private/turtlesim/lib/turtlesim/turtle_teleop_key, /home/robot/turtlesim/devel/lib/turtlesim/turtle_teleop_key)
Linked: (/home/robot/turtlesim/devel/.private/turtlesim/lib/turtlesim/mimic, /home/robot/turtlesim/devel/lib/turtlesim/mimic)
Linked: (/home/robot/turtlesim/devel/.private/turtlesim/lib/turtlesim/draw_square, /home/robot/turtlesim/devel/lib/turtlesim/draw_square)
Linked: (/home/robot/turtlesim/devel/.private/turtlesim/lib/python2.7/dist-packages/turtlesim/__init__.py, /home/robot/turtlesim/devel/lib/python2.7/dist-packages/turtlesim/__init__.py)
Linked: (/home/robot/turtlesim/devel/.private/turtlesim/lib/python2.7/dist-packages/turtlesim/srv/_TeleportRelative.py, /home/robot/turtlesim/devel/lib/python2.7/dist-packages/turtlesim/srv/_TeleportRelative.py)
Linked: (/home/robot/turtlesim/devel/.private/turtlesim/lib/python2.7/dist-packages/turtlesim/srv/_Spawn.py, /home/robot/turtlesim/devel/lib/python2.7/dist-packages/turtlesim/srv/_Spawn.py)
Linked: (/home/robot/turtlesim/devel/.private/turtlesim/lib/python2.7/dist-packages/turtlesim/srv/_TeleportAbsolute.py, /home/robot/turtlesim/devel/lib/python2.7/dist-packages/turtlesim/srv/_TeleportAbsolute.py)
Linked: (/home/robot/turtlesim/devel/.private/turtlesim/lib/python2.7/dist-packages/turtlesim/srv/_SetPen.py, /home/robot/turtlesim/devel/lib/python2.7/dist-packages/turtlesim/srv/_SetPen.py)
Linked: (/home/robot/turtlesim/devel/.private/turtlesim/lib/python2.7/dist-packages/turtlesim/srv/__init__.py, /home/robot/turtlesim/devel/lib/python2.7/dist-packages/turtlesim/srv/__init__.py)
Linked: (/home/robot/turtlesim/devel/.private/turtlesim/lib/python2.7/dist-packages/turtlesim/srv/_Kill.py, /home/robot/turtlesim/devel/lib/python2.7/dist-packages/turtlesim/srv/_Kill.py)
Linked: (/home/robot/turtlesim/devel/.private/turtlesim/lib/python2.7/dist-packages/turtlesim/msg/__init__.py, /home/robot/turtlesim/devel/lib/python2.7/dist-packages/turtlesim/msg/__init__.py)
Linked: (/home/robot/turtlesim/devel/.private/turtlesim/lib/python2.7/dist-packages/turtlesim/msg/_Pose.py, /home/robot/turtlesim/devel/lib/python2.7/dist-packages/turtlesim/msg/_Pose.py)
Linked: (/home/robot/turtlesim/devel/.private/turtlesim/lib/python2.7/dist-packages/turtlesim/msg/_Color.py, /home/robot/turtlesim/devel/lib/python2.7/dist-packages/turtlesim/msg/_Color.py)
